opened convpng.ini

--- archero_gfx (C) ---
using built-in xlibc palette ...
warning: might ignore transparent color value for a fixed palette.
transparent color index : 0
transparent color : 0xFC78
1:
 stickman : converted!

--- tiles_gfx (C) ---
using built-in xlibc palette ...
warning: might ignore transparent color value for a fixed palette.
transparent color index : 0
transparent color : 0xFC78
1:
 tileset : converted!

converted in 0 s

[warning] image quality might be too low.
please try grouping similar images, reducing image colors, 
or selecting a better palette if conversion is not ideal.

finished!
